<?xml version="1.0" encoding="UTF-8"?>
<!-- Generated by org.testng.reporters.JUnitReportReporter -->
<testsuite hostname="Hometown" failures="0" tests="1" name="GETExamples.GetBookingIds_RestfulBookerUsingBDDStyle" time="6.096" errors="0" timestamp="2021-03-07T16:49:10 IST" skipped="0">
  <testcase classname="GETExamples.GetBookingIds_RestfulBookerUsingBDDStyle" name="GetBookingIds_VerifyStatusCode" time="6.096"/>
  <system-out/>
</testsuite> <!-- GETExamples.GetBookingIds_RestfulBookerUsingBDDStyle -->
