<?xml version="1.0" encoding="UTF-8"?>
<!-- Generated by org.testng.reporters.JUnitReportReporter -->
<testsuite hostname="Hometown" failures="0" tests="2" name="RequestSpecificationExamples.WithRequestSpecification" time="0.257" errors="0" timestamp="2021-03-07T18:26:09 IST" skipped="0">
  <testcase classname="RequestSpecificationExamples.WithRequestSpecification" name="getAllBookings" time="0.223"/>
  <system-out/>
  <testcase classname="RequestSpecificationExamples.WithRequestSpecification" name="getBookingDetailsWithInvalidFirstName" time="0.034"/>
  <system-out/>
</testsuite> <!-- RequestSpecificationExamples.WithRequestSpecification -->
