<?xml version="1.0" encoding="UTF-8"?>
<!-- Generated by org.testng.reporters.JUnitReportReporter -->
<testsuite hostname="Hometown" failures="0" tests="2" name="RestfulBookerPojo.EmployeeSerializationDeserialization" time="0.690" errors="0" timestamp="2021-03-08T22:23:47 IST" skipped="0">
  <testcase classname="RestfulBookerPojo.EmployeeSerializationDeserialization" name="getPojoFromEmployeeObject" time="0.086"/>
  <system-out/>
  <testcase classname="RestfulBookerPojo.EmployeeSerializationDeserialization" name="createEmployeeJSONFromEmployeePOJOClass" time="0.604"/>
  <system-out/>
</testsuite> <!-- RestfulBookerPojo.EmployeeSerializationDeserialization -->
