<?xml version="1.0" encoding="UTF-8"?>
<!-- Generated by org.testng.reporters.JUnitReportReporter -->
<testsuite hostname="Hometown" failures="0" tests="2" name="GameOfGetterSetterPOJO.EmployeeWithGetterMethodsOnly" time="0.601" errors="0" timestamp="2021-03-09T16:34:56 IST" skipped="1">
  <testcase classname="GameOfGetterSetterPOJO.EmployeeWithGetterMethodsOnly" name="deserializeWithGetterOnly" time="0.601"/>
  <system-out/>
  <testcase classname="GameOfGetterSetterPOJO.EmployeeWithGetterMethodsOnly" name="serializeWithGetterOnly">
    <skipped/>
  </testcase> <!-- serializeWithGetterOnly -->
  <system-out/>
</testsuite> <!-- GameOfGetterSetterPOJO.EmployeeWithGetterMethodsOnly -->
