<?xml version="1.0" encoding="UTF-8"?>
<!-- Generated by org.testng.reporters.JUnitReportReporter -->
<testsuite hostname="Hometown" failures="0" tests="2" name="GameOfGetterSetterPOJO.EmployeePojoWithGetterSetterMethods" time="0.650" errors="0" timestamp="2021-03-09T16:32:24 IST" skipped="1">
  <testcase classname="GameOfGetterSetterPOJO.EmployeePojoWithGetterSetterMethods" name="deserializeWithBothGetterSetter" time="0.650"/>
  <system-out/>
  <testcase classname="GameOfGetterSetterPOJO.EmployeePojoWithGetterSetterMethods" name="serializeWithBothGetterSetter">
    <skipped/>
  </testcase> <!-- serializeWithBothGetterSetter -->
  <system-out/>
</testsuite> <!-- GameOfGetterSetterPOJO.EmployeePojoWithGetterSetterMethods -->
