<?xml version="1.0" encoding="UTF-8"?>
<!-- Generated by org.testng.reporters.JUnitReportReporter -->
<testsuite hostname="Hometown" failures="0" tests="2" name="RestAssuredConcepts.DefaultRequestSpecificationExample" time="6.852" errors="0" timestamp="2021-03-07T18:41:02 IST" skipped="0">
  <testcase classname="RestAssuredConcepts.DefaultRequestSpecificationExample" name="useDefaultRequestSpecification" time="2.583"/>
  <system-out/>
  <testcase classname="RestAssuredConcepts.DefaultRequestSpecificationExample" name="overrideDefaultRequestSpecification" time="4.269"/>
  <system-out/>
</testsuite> <!-- RestAssuredConcepts.DefaultRequestSpecificationExample -->
