<?xml version="1.0" encoding="UTF-8"?>
<!-- Generated by org.testng.reporters.JUnitReportReporter -->
<testsuite hostname="Hometown" failures="0" tests="1" name="DifferentWaysOfPassingPayloadToRequest.CreatingNestedJsonObject" time="8.171" errors="0" timestamp="2021-03-08T17:07:07 IST" skipped="0">
  <testcase classname="DifferentWaysOfPassingPayloadToRequest.CreatingNestedJsonObject" name="CreatingNestedJsonObjectTest" time="8.171"/>
  <system-out/>
</testsuite> <!-- DifferentWaysOfPassingPayloadToRequest.CreatingNestedJsonObject -->
