<?xml version="1.0" encoding="UTF-8"?>
<!-- Generated by org.testng.reporters.JUnitReportReporter -->
<testsuite hostname="Hometown" failures="0" tests="1" name="DifferentWaysOfPassingPayloadToRequest.UseCreatedJsonObjectUsingJacksonAPIPayload" time="6.071" errors="0" timestamp="2021-03-08T21:23:10 IST" skipped="0">
  <testcase classname="DifferentWaysOfPassingPayloadToRequest.UseCreatedJsonObjectUsingJacksonAPIPayload" name="CreatingNestedJsonObjectTest" time="6.071"/>
  <system-out/>
</testsuite> <!-- DifferentWaysOfPassingPayloadToRequest.UseCreatedJsonObjectUsingJacksonAPIPayload -->
