<?xml version="1.0" encoding="UTF-8"?>
<!-- Generated by org.testng.reporters.JUnitReportReporter -->
<testsuite hostname="Hometown" failures="0" tests="1" name="GETExamples.GetBookingIds_RestfulBookerUsingBDDStyleAndStaticImport" time="5.479" errors="0" timestamp="2021-03-07T16:50:31 IST" skipped="0">
  <testcase classname="GETExamples.GetBookingIds_RestfulBookerUsingBDDStyleAndStaticImport" name="GetBookingIds_VerifyStatusCode" time="5.479"/>
  <system-out/>
</testsuite> <!-- GETExamples.GetBookingIds_RestfulBookerUsingBDDStyleAndStaticImport -->
