<?xml version="1.0" encoding="UTF-8"?>
<!-- Generated by org.testng.reporters.JUnitReportReporter -->
<testsuite hostname="Hometown" failures="0" tests="2" name="RestfulBookerPojo.ListOfEmployeesSerializationDeserialization" time="0.705" errors="0" timestamp="2021-03-08T22:37:21 IST" skipped="0">
  <testcase classname="RestfulBookerPojo.ListOfEmployeesSerializationDeserialization" name="getPojoFromEmployeeObject" time="0.093"/>
  <system-out/>
  <testcase classname="RestfulBookerPojo.ListOfEmployeesSerializationDeserialization" name="createListOfEmployeesJSONArrayFromEmployeePOJOClass" time="0.612"/>
  <system-out/>
</testsuite> <!-- RestfulBookerPojo.ListOfEmployeesSerializationDeserialization -->
