<?xml version="1.0" encoding="UTF-8"?>
<!-- Generated by org.testng.reporters.JUnitReportReporter -->
<testsuite hostname="Hometown" failures="0" tests="1" name="DifferentWaysOfPassingPayloadToRequest.CreatingNestedJsonArray" time="6.610" errors="0" timestamp="2021-03-08T17:45:39 IST" skipped="0">
  <testcase classname="DifferentWaysOfPassingPayloadToRequest.CreatingNestedJsonArray" name="CreatingNestedJsonObjectTest" time="6.610"/>
  <system-out/>
</testsuite> <!-- DifferentWaysOfPassingPayloadToRequest.CreatingNestedJsonArray -->
