<?xml version="1.0" encoding="UTF-8"?>
<!-- Generated by org.testng.reporters.JUnitReportReporter -->
<testsuite hostname="Hometown" failures="0" tests="1" name="DifferentWaysOfPassingPayloadToRequest.CreateJsonObjectUsingJacksonAPI" time="0.594" errors="0" timestamp="2021-03-08T20:49:13 IST" skipped="0">
  <testcase classname="DifferentWaysOfPassingPayloadToRequest.CreateJsonObjectUsingJacksonAPI" name="CreatingNestedJsonObjectTest" time="0.594"/>
  <system-out/>
</testsuite> <!-- DifferentWaysOfPassingPayloadToRequest.CreateJsonObjectUsingJacksonAPI -->
