<?xml version="1.0" encoding="UTF-8"?>
<!-- Generated by org.testng.reporters.JUnitReportReporter -->
<testsuite hostname="Hometown" failures="0" tests="3" name="JacksonTutorials.NonEmptyExample" time="0.672" errors="0" timestamp="2021-03-09T13:28:27 IST" skipped="0">
  <testcase classname="JacksonTutorials.NonEmptyExample" name="noValuesSetForAnyField" time="0.645"/>
  <system-out/>
  <testcase classname="JacksonTutorials.NonEmptyExample" name="valueSetForFields" time="0.020"/>
  <system-out/>
  <testcase classname="JacksonTutorials.NonEmptyExample" name="noValueSetForArrayListMap" time="0.007"/>
  <system-out/>
</testsuite> <!-- JacksonTutorials.NonEmptyExample -->
