<?xml version="1.0" encoding="UTF-8"?>
<!-- Generated by org.testng.reporters.JUnitReportReporter -->
<testsuite hostname="Hometown" failures="0" tests="1" name="GameOfGetterSetterPOJO.EmployeePojoWithSetterMethodsOnly" time="0.704" errors="0" timestamp="2021-03-09T16:41:44 IST" skipped="0">
  <testcase classname="GameOfGetterSetterPOJO.EmployeePojoWithSetterMethodsOnly" name="deserializeWithSetterOnly" time="0.704"/>
  <system-out/>
</testsuite> <!-- GameOfGetterSetterPOJO.EmployeePojoWithSetterMethodsOnly -->
