<?xml version="1.0" encoding="UTF-8"?>
<!-- Generated by org.testng.reporters.JUnitReportReporter -->
<testsuite hostname="Hometown" failures="0" tests="2" name="RequestSpecificationExamples.WithoutUsingRequestSpecification" time="1.666" errors="0" timestamp="2021-03-07T18:25:16 IST" skipped="0">
  <testcase classname="RequestSpecificationExamples.WithoutUsingRequestSpecification" name="getBookingDetailsWithInvalidFirstName" time="0.055"/>
  <system-out/>
  <testcase classname="RequestSpecificationExamples.WithoutUsingRequestSpecification" name="getAllBookings" time="1.611"/>
  <system-out/>
</testsuite> <!-- RequestSpecificationExamples.WithoutUsingRequestSpecification -->
