<?xml version="1.0" encoding="UTF-8"?>
<!-- Generated by org.testng.reporters.JUnitReportReporter -->
<testsuite hostname="Hometown" failures="0" tests="1" name="DifferentWaysOfPassingPayloadToRequest.CreatingRequestBodyUsingMap" time="5.687" errors="0" timestamp="2021-03-08T17:04:27 IST" skipped="0">
  <testcase classname="DifferentWaysOfPassingPayloadToRequest.CreatingRequestBodyUsingMap" name="passBodyAsMap" time="5.687"/>
  <system-out/>
</testsuite> <!-- DifferentWaysOfPassingPayloadToRequest.CreatingRequestBodyUsingMap -->
